<?xml version="1.0" encoding="UTF-8"?>
<!-- Generated by org.testng.reporters.JUnitXMLReporter -->
<testsuite hostname="qainfotech-Latitude-3490" ignored="0" name="Default test" tests="2" failures="0" timestamp="2020-05-12T18:43:21 IST" time="8.353" errors="0">
  <testcase name="checkHomePage" time="2.026" classname="com.demosite.SampleUILayoutTest.WelcomePage"/>
  <testcase name="reportUpdate" time="0.168" classname="com.demosite.SampleUILayoutTest.WelcomePage"/>
</testsuite> <!-- Default test -->
