<?xml version="1.0" encoding="UTF-8"?>
<!-- Generated by org.testng.reporters.JUnitXMLReporter -->
<testsuite hostname="qainfotech-Latitude-3490" ignored="0" name="Default test" tests="6" failures="0" timestamp="2020-05-13T16:14:54 IST" time="37.311" errors="0">
  <testcase name="MyNotesPageonDevice" time="6.034" classname="com.demosite.SampleUILayoutTest.layoutTest"/>
  <testcase name="MyNotesPageonDevice" time="5.879" classname="com.demosite.SampleUILayoutTest.layoutTest"/>
  <testcase name="loginPageonDevice" time="4.204" classname="com.demosite.SampleUILayoutTest.layoutTest"/>
  <testcase name="loginPageonDevice" time="4.004" classname="com.demosite.SampleUILayoutTest.layoutTest"/>
  <testcase name="welcomePageonDevice" time="5.242" classname="com.demosite.SampleUILayoutTest.layoutTest"/>
  <testcase name="welcomePageonDevice" time="4.816" classname="com.demosite.SampleUILayoutTest.layoutTest"/>
</testsuite> <!-- Default test -->
