<?xml version="1.0" encoding="UTF-8"?>
<testng-results skipped="0" failed="0" ignored="0" total="2" passed="2">
  <reporter-output>
  </reporter-output>
  <suite name="Default suite" duration-ms="8869" started-at="2020-05-13T11:57:12 IST" finished-at="2020-05-13T11:57:21 IST">
    <groups>
    </groups>
    <test name="Default test" duration-ms="8869" started-at="2020-05-13T11:57:12 IST" finished-at="2020-05-13T11:57:21 IST">
      <class name="com.demosite.SampleUILayoutTest.WelcomePage">
        <test-method status="PASS" signature="init()[pri:0, instance:com.demosite.SampleUILayoutTest.WelcomePage@80ec1f8]" name="init" is-config="true" duration-ms="4853" started-at="2020-05-13T11:57:12 IST" finished-at="2020-05-13T11:57:17 IST">
          <reporter-output>
          </reporter-output>
        </test-method> <!-- init -->
        <test-method status="PASS" signature="checkHomePage()[pri:1, instance:com.demosite.SampleUILayoutTest.WelcomePage@80ec1f8]" name="checkHomePage" duration-ms="2186" started-at="2020-05-13T11:57:17 IST" finished-at="2020-05-13T11:57:19 IST">
          <reporter-output>
          </reporter-output>
        </test-method> <!-- checkHomePage -->
        <test-method status="PASS" signature="reportUpdate()[pri:0, instance:com.demosite.SampleUILayoutTest.WelcomePage@80ec1f8]" name="reportUpdate" is-config="true" duration-ms="164" started-at="2020-05-13T11:57:19 IST" finished-at="2020-05-13T11:57:19 IST">
          <reporter-output>
          </reporter-output>
        </test-method> <!-- reportUpdate -->
        <test-method status="PASS" signature="checkLoginPage()[pri:2, instance:com.demosite.SampleUILayoutTest.WelcomePage@80ec1f8]" name="checkLoginPage" duration-ms="1515" started-at="2020-05-13T11:57:19 IST" finished-at="2020-05-13T11:57:20 IST">
          <reporter-output>
          </reporter-output>
        </test-method> <!-- checkLoginPage -->
        <test-method status="PASS" signature="reportUpdate()[pri:0, instance:com.demosite.SampleUILayoutTest.WelcomePage@80ec1f8]" name="reportUpdate" is-config="true" duration-ms="40" started-at="2020-05-13T11:57:20 IST" finished-at="2020-05-13T11:57:20 IST">
          <reporter-output>
          </reporter-output>
        </test-method> <!-- reportUpdate -->
        <test-method status="PASS" signature="close()[pri:0, instance:com.demosite.SampleUILayoutTest.WelcomePage@80ec1f8]" name="close" is-config="true" duration-ms="69" started-at="2020-05-13T11:57:20 IST" finished-at="2020-05-13T11:57:21 IST">
          <reporter-output>
          </reporter-output>
        </test-method> <!-- close -->
      </class> <!-- com.demosite.SampleUILayoutTest.WelcomePage -->
    </test> <!-- Default test -->
  </suite> <!-- Default suite -->
</testng-results>
